<?xml version="1.0" encoding="UTF-8"?>
<!-- Generated by org.testng.reporters.JUnitReportReporter -->
<testsuite hostname="Nijeesh-Edify" failures="0" tests="2" name="programs.DataProviderRun" time="13.129" errors="0" timestamp="2022-11-01T20:44:48 IST" skipped="0">
  <testcase classname="programs.DataProviderRun" name="faceBookLogin" time="8.408"/>
  <system-out/>
  <testcase classname="programs.DataProviderRun" name="faceBookLogin" time="4.721"/>
  <system-out/>
</testsuite> <!-- programs.DataProviderRun -->
