<?xml version="1.0" encoding="UTF-8"?>
<!-- Generated by org.testng.reporters.JUnitReportReporter -->
<testsuite hostname="Nijeesh-Edify" failures="0" tests="1" name="javascriptexecuter.JavaScriptExecuter" time="36.349" errors="0" timestamp="2022-10-28T21:19:49 IST" skipped="0">
  <testcase classname="javascriptexecuter.JavaScriptExecuter" name="scrollDownUsingJavaScript" time="36.349"/>
  <system-out/>
</testsuite> <!-- javascriptexecuter.JavaScriptExecuter -->
