<?xml version="1.0" encoding="UTF-8"?>
<!-- Generated by org.testng.reporters.JUnitReportReporter -->
<testsuite hostname="Nijeesh-Edify" failures="0" tests="1" name="assigmnt.MouseClick" time="9.919" errors="0" timestamp="2022-10-27T23:58:12 IST" skipped="0">
  <testcase classname="assigmnt.MouseClick" name="mouseClick" time="9.919"/>
  <system-out/>
</testsuite> <!-- assigmnt.MouseClick -->
