<?xml version="1.0" encoding="UTF-8"?>
<!-- Generated by org.testng.reporters.JUnitReportReporter -->
<testsuite hostname="Nijeesh-Edify" failures="0" tests="1" name="programs.SwitchToWindow" time="13.916" errors="0" timestamp="2022-11-02T20:36:59 IST" skipped="0">
  <testcase classname="programs.SwitchToWindow" name="switchWindow" time="13.916"/>
  <system-out/>
</testsuite> <!-- programs.SwitchToWindow -->
