<?xml version="1.0" encoding="UTF-8"?>
<!-- Generated by org.testng.reporters.JUnitReportReporter -->
<testsuite hostname="Nijeesh-Edify" failures="0" tests="1" name="switchto.SwitchExample" time="6.971" errors="0" timestamp="2022-10-31T20:50:10 IST" skipped="0">
  <testcase classname="switchto.SwitchExample" name="verifyFrameMiddle" time="6.971"/>
  <system-out/>
</testsuite> <!-- switchto.SwitchExample -->
