<?xml version="1.0" encoding="UTF-8"?>
<!-- Generated by org.testng.reporters.JUnitReportReporter -->
<testsuite hostname="Nijeesh-Edify" failures="0" tests="2" name="assigmnt.ClickUsingMouse" time="15.167" errors="0" timestamp="2022-11-08T17:57:39 IST" skipped="0">
  <testcase classname="assigmnt.ClickUsingMouse" name="enterValue" time="10.274"/>
  <system-out/>
  <testcase classname="assigmnt.ClickUsingMouse" name="inputValue" time="4.893"/>
  <system-out/>
</testsuite> <!-- assigmnt.ClickUsingMouse -->
