<?xml version="1.0" encoding="UTF-8"?>
<!-- Generated by org.testng.reporters.JUnitReportReporter -->
<testsuite hostname="Nijeesh-Edify" failures="0" tests="1" name="programs.RobotExample" time="9.439" errors="0" timestamp="2022-10-28T20:48:16 IST" skipped="0">
  <testcase classname="programs.RobotExample" name="robotexampleevent" time="9.439"/>
  <system-out/>
</testsuite> <!-- programs.RobotExample -->
