<?xml version="1.0" encoding="UTF-8"?>
<!-- Generated by org.testng.reporters.JUnitReportReporter -->
<testsuite hostname="Nijeesh-Edify" failures="0" tests="1" name="assigmnt.MouseMoveExample" time="6.255" errors="0" timestamp="2022-10-27T19:59:35 IST" skipped="0">
  <testcase classname="assigmnt.MouseMoveExample" name="facebook" time="6.255"/>
  <system-out/>
</testsuite> <!-- assigmnt.MouseMoveExample -->
