<?xml version="1.0" encoding="UTF-8"?>
<!-- Generated by org.testng.reporters.JUnitReportReporter -->
<testsuite hostname="Nijeesh-Edify" failures="0" tests="3" name="basicImplementations.AlertExample_1" time="26.563" errors="0" timestamp="2022-11-04T21:27:45 IST" skipped="0">
  <testcase classname="basicImplementations.AlertExample_1" name="greenButton" time="9.488"/>
  <system-out/>
  <testcase classname="basicImplementations.AlertExample_1" name="redButton" time="8.863"/>
  <system-out/>
  <testcase classname="basicImplementations.AlertExample_1" name="yellowButton" time="8.212"/>
  <system-out/>
</testsuite> <!-- basicImplementations.AlertExample_1 -->
