<?xml version="1.0" encoding="UTF-8"?>
<!-- Generated by org.testng.reporters.JUnitReportReporter -->
<testsuite hostname="Nijeesh-Edify" failures="0" tests="2" name="basicImplementations.AssertAssignment" time="12.407" errors="0" timestamp="2022-10-25T19:55:50 IST" skipped="0">
  <testcase classname="basicImplementations.AssertAssignment" name="verifyOffice" time="6.731"/>
  <system-out/>
  <testcase classname="basicImplementations.AssertAssignment" name="verifyName" time="5.676"/>
  <system-out/>
</testsuite> <!-- basicImplementations.AssertAssignment -->
