<?xml version="1.0" encoding="UTF-8"?>
<!-- Generated by org.testng.reporters.JUnitReportReporter -->
<testsuite hostname="Nijeesh-Edify" failures="0" tests="2" name="annotations.TestNGAnnotations" time="0.018" errors="0" timestamp="2022-10-20T21:13:24 IST" skipped="0">
  <testcase classname="annotations.TestNGAnnotations" name="testCaseTwo" time="0.008"/>
  <system-out/>
  <testcase classname="annotations.TestNGAnnotations" name="testCaseOne" time="0.010"/>
  <system-out/>
</testsuite> <!-- annotations.TestNGAnnotations -->
