<?xml version="1.0" encoding="UTF-8"?>
<!-- Generated by org.testng.reporters.JUnitReportReporter -->
<testsuite hostname="Nijeesh-Edify" failures="0" tests="2" name="programs.SwitchtoWindows" time="42.148" errors="0" timestamp="2022-11-02T21:02:05 IST" skipped="0">
  <testcase classname="programs.SwitchtoWindows" name="switchWindo" time="11.637"/>
  <system-out/>
  <testcase classname="programs.SwitchtoWindows" name="switchWindow" time="30.511"/>
  <system-out/>
</testsuite> <!-- programs.SwitchtoWindows -->
