<?xml version="1.0" encoding="UTF-8"?>
<!-- Generated by org.testng.reporters.JUnitReportReporter -->
<testsuite hostname="Nijeesh-Edify" failures="0" tests="1" name="basicImplementations.SoftAsssert_radiobutton" time="9.966" errors="0" timestamp="2022-10-26T20:13:08 IST" skipped="0">
  <testcase classname="basicImplementations.SoftAsssert_radiobutton" name="softassertCheckbox" time="9.966"/>
  <system-out/>
</testsuite> <!-- basicImplementations.SoftAsssert_radiobutton -->
