<?xml version="1.0" encoding="UTF-8"?>
<!-- Generated by org.testng.reporters.JUnitReportReporter -->
<testsuite hostname="Nijeesh-Edify" failures="0" tests="5" name="programs.GoogleDataProviderRum" time="63.424" errors="0" timestamp="2022-11-01T12:51:10 IST" skipped="0">
  <testcase classname="programs.GoogleDataProviderRum" name="verifyAmazonProductSearching" time="14.512"/>
  <system-out/>
  <testcase classname="programs.GoogleDataProviderRum" name="verifyAmazonProductSearching" time="13.076"/>
  <system-out/>
  <testcase classname="programs.GoogleDataProviderRum" name="verifyAmazonProductSearching" time="13.230"/>
  <system-out/>
  <testcase classname="programs.GoogleDataProviderRum" name="verifyAmazonProductSearching" time="10.957"/>
  <system-out/>
  <testcase classname="programs.GoogleDataProviderRum" name="verifyAmazonProductSearching" time="11.649"/>
  <system-out/>
</testsuite> <!-- programs.GoogleDataProviderRum -->
