<?xml version="1.0" encoding="UTF-8"?>
<!-- Generated by org.testng.reporters.JUnitReportReporter -->
<testsuite hostname="Nijeesh-Edify" failures="0" tests="1" name="basicImplementations.Assert_EqualsExample" time="6.654" errors="0" timestamp="2022-10-25T19:23:21 IST" skipped="0">
  <testcase classname="basicImplementations.Assert_EqualsExample" name="verifyColor" time="6.654"/>
  <system-out/>
</testsuite> <!-- basicImplementations.Assert_EqualsExample -->
