<?xml version="1.0" encoding="UTF-8"?>
<!-- Generated by org.testng.reporters.JUnitReportReporter -->
<testsuite hostname="Nijeesh-Edify" failures="0" tests="1" name="tagrail.TestingOne" time="44.434" errors="0" timestamp="2022-11-11T04:33:49 IST" skipped="0">
  <testcase classname="tagrail.TestingOne" name="clockMobility" time="44.434"/>
  <system-out/>
</testsuite> <!-- tagrail.TestingOne -->
