<?xml version="1.0" encoding="UTF-8"?>
<!-- Generated by org.testng.reporters.JUnitReportReporter -->
<testsuite hostname="Nijeesh-Edify" failures="0" tests="3" name="basicImplementations.AlertExample" time="33.632" errors="0" timestamp="2022-11-04T21:27:45 IST" skipped="0">
  <testcase classname="basicImplementations.AlertExample" name="jsPrompt" time="11.078"/>
  <system-out/>
  <testcase classname="basicImplementations.AlertExample" name="jsConfirm" time="9.917"/>
  <system-out/>
  <testcase classname="basicImplementations.AlertExample" name="jsAlert" time="12.637"/>
  <system-out/>
</testsuite> <!-- basicImplementations.AlertExample -->
